2024-01-11 20:57:33.391 [info] Log level: Info
2024-01-11 20:57:33.391 [info] Validating found git in: "git"
2024-01-11 20:57:33.391 [info] Using git "2.34.1" from "git"
2024-01-11 20:57:33.391 [info] > git rev-parse --show-toplevel [6ms]
2024-01-11 20:57:33.391 [info] > git rev-parse --git-dir --git-common-dir [11ms]
2024-01-11 20:57:33.391 [info] Open repository: /home/limagalo
2024-01-11 20:57:33.391 [info] > git config --get commit.template [1ms]
2024-01-11 20:57:33.398 [info] No remotes found in the git config file.
2024-01-11 20:57:33.401 [info] > git for-each-ref --format=%(refname)%00%(upstream:short)%00%(objectname)%00%(upstream:track)%00%(upstream:remotename)%00%(upstream:remoteref) refs/heads/master refs/remotes/master [3ms]
2024-01-11 20:57:33.444 [info] > git status -z -uall [35ms]
2024-01-11 20:57:34.401 [info] > git check-ignore -v -z --stdin [11ms]
2024-01-11 20:57:34.405 [info] > git config --get commit.template [53ms]
2024-01-11 20:57:34.428 [info] No remotes found in the git config file.
2024-01-11 20:57:34.429 [info] > git for-each-ref --format=%(refname)%00%(upstream:short)%00%(objectname)%00%(upstream:track)%00%(upstream:remotename)%00%(upstream:remoteref) refs/heads/master refs/remotes/master [2ms]
2024-01-11 20:57:34.472 [info] > git status -z -uall [34ms]
2024-01-11 20:57:34.581 [info] > git show --textconv :web1.html [12ms]
2024-01-11 20:57:34.581 [info] > git ls-files --stage -- /home/limagalo/web1.html [5ms]
2024-01-11 20:57:36.178 [info] > git config --get commit.template [2ms]
2024-01-11 20:57:36.187 [info] No remotes found in the git config file.
2024-01-11 20:57:36.188 [info] > git for-each-ref --format=%(refname)%00%(upstream:short)%00%(objectname)%00%(upstream:track)%00%(upstream:remotename)%00%(upstream:remoteref) refs/heads/master refs/remotes/master [2ms]
2024-01-11 20:57:36.221 [info] > git status -z -uall [26ms]
2024-01-11 20:57:41.318 [info] > git config --get commit.template [2ms]
2024-01-11 20:57:41.328 [info] No remotes found in the git config file.
2024-01-11 20:57:41.330 [info] > git for-each-ref --format=%(refname)%00%(upstream:short)%00%(objectname)%00%(upstream:track)%00%(upstream:remotename)%00%(upstream:remoteref) refs/heads/master refs/remotes/master [3ms]
2024-01-11 20:57:41.377 [info] > git status -z -uall [38ms]
2024-01-11 20:58:50.023 [info] > git config --get commit.template [19ms]
2024-01-11 20:58:50.024 [info] No remotes found in the git config file.
2024-01-11 20:58:50.026 [info] > git for-each-ref --format=%(refname)%00%(upstream:short)%00%(objectname)%00%(upstream:track)%00%(upstream:remotename)%00%(upstream:remoteref) refs/heads/master refs/remotes/master [6ms]
2024-01-11 20:58:50.092 [info] > git status -z -uall [52ms]
2024-01-11 20:58:55.225 [info] > git config --get commit.template [2ms]
2024-01-11 20:58:55.238 [info] No remotes found in the git config file.
2024-01-11 20:58:55.239 [info] > git for-each-ref --format=%(refname)%00%(upstream:short)%00%(objectname)%00%(upstream:track)%00%(upstream:remotename)%00%(upstream:remoteref) refs/heads/master refs/remotes/master [2ms]
2024-01-11 20:58:55.290 [info] > git status -z -uall [39ms]
2024-01-11 20:59:00.463 [info] No remotes found in the git config file.
2024-01-11 20:59:00.465 [info] > git for-each-ref --format=%(refname)%00%(upstream:short)%00%(objectname)%00%(upstream:track)%00%(upstream:remotename)%00%(upstream:remoteref) refs/heads/master refs/remotes/master [2ms]
2024-01-11 20:59:00.466 [info] > git config --get commit.template [16ms]
2024-01-11 20:59:00.510 [info] > git status -z -uall [34ms]
2024-01-11 20:59:05.629 [info] > git config --get commit.template [2ms]
2024-01-11 20:59:05.641 [info] No remotes found in the git config file.
2024-01-11 20:59:05.642 [info] > git for-each-ref --format=%(refname)%00%(upstream:short)%00%(objectname)%00%(upstream:track)%00%(upstream:remotename)%00%(upstream:remoteref) refs/heads/master refs/remotes/master [2ms]
2024-01-11 20:59:05.693 [info] > git status -z -uall [36ms]
2024-01-11 20:59:10.820 [info] > git config --get commit.template [1ms]
2024-01-11 20:59:10.836 [info] No remotes found in the git config file.
2024-01-11 20:59:10.837 [info] > git for-each-ref --format=%(refname)%00%(upstream:short)%00%(objectname)%00%(upstream:track)%00%(upstream:remotename)%00%(upstream:remoteref) refs/heads/master refs/remotes/master [1ms]
2024-01-11 20:59:10.881 [info] > git status -z -uall [33ms]
2024-01-11 20:59:16.000 [info] > git config --get commit.template [3ms]
2024-01-11 20:59:16.013 [info] No remotes found in the git config file.
2024-01-11 20:59:16.015 [info] > git for-each-ref --format=%(refname)%00%(upstream:short)%00%(objectname)%00%(upstream:track)%00%(upstream:remotename)%00%(upstream:remoteref) refs/heads/master refs/remotes/master [2ms]
2024-01-11 20:59:16.062 [info] > git status -z -uall [36ms]
2024-01-11 20:59:21.178 [info] > git config --get commit.template [2ms]
2024-01-11 20:59:21.189 [info] No remotes found in the git config file.
2024-01-11 20:59:21.190 [info] > git for-each-ref --format=%(refname)%00%(upstream:short)%00%(objectname)%00%(upstream:track)%00%(upstream:remotename)%00%(upstream:remoteref) refs/heads/master refs/remotes/master [2ms]
2024-01-11 20:59:21.238 [info] > git status -z -uall [38ms]
2024-01-11 20:59:35.560 [info] No remotes found in the git config file.
2024-01-11 20:59:35.562 [info] > git config --get commit.template [20ms]
2024-01-11 20:59:35.563 [info] > git for-each-ref --format=%(refname)%00%(upstream:short)%00%(objectname)%00%(upstream:track)%00%(upstream:remotename)%00%(upstream:remoteref) refs/heads/master refs/remotes/master [4ms]
2024-01-11 20:59:35.629 [info] > git status -z -uall [48ms]
2024-01-11 20:59:40.764 [info] > git config --get commit.template [2ms]
2024-01-11 20:59:40.776 [info] No remotes found in the git config file.
2024-01-11 20:59:40.777 [info] > git for-each-ref --format=%(refname)%00%(upstream:short)%00%(objectname)%00%(upstream:track)%00%(upstream:remotename)%00%(upstream:remoteref) refs/heads/master refs/remotes/master [2ms]
2024-01-11 20:59:40.819 [info] > git status -z -uall [33ms]
2024-01-11 20:59:55.769 [info] > git config --get commit.template [4ms]
2024-01-11 20:59:55.781 [info] No remotes found in the git config file.
2024-01-11 20:59:55.784 [info] > git for-each-ref --format=%(refname)%00%(upstream:short)%00%(objectname)%00%(upstream:track)%00%(upstream:remotename)%00%(upstream:remoteref) refs/heads/master refs/remotes/master [3ms]
2024-01-11 20:59:55.827 [info] > git status -z -uall [32ms]
2024-01-11 20:59:56.699 [info] > git show --textconv :web1.html [16ms]
2024-01-11 20:59:56.700 [info] > git ls-files --stage -- /home/limagalo/web1.html [4ms]
2024-01-11 21:00:00.964 [info] No remotes found in the git config file.
2024-01-11 21:00:00.965 [info] > git config --get commit.template [17ms]
2024-01-11 21:00:00.971 [info] > git for-each-ref --format=%(refname)%00%(upstream:short)%00%(objectname)%00%(upstream:track)%00%(upstream:remotename)%00%(upstream:remoteref) refs/heads/master refs/remotes/master [7ms]
2024-01-11 21:00:01.020 [info] > git status -z -uall [37ms]
2024-01-11 21:00:06.141 [info] > git config --get commit.template [2ms]
2024-01-11 21:00:06.153 [info] No remotes found in the git config file.
2024-01-11 21:00:06.154 [info] > git for-each-ref --format=%(refname)%00%(upstream:short)%00%(objectname)%00%(upstream:track)%00%(upstream:remotename)%00%(upstream:remoteref) refs/heads/master refs/remotes/master [2ms]
2024-01-11 21:00:06.195 [info] > git status -z -uall [31ms]
2024-01-11 21:00:11.303 [info] > git config --get commit.template [2ms]
2024-01-11 21:00:11.305 [info] No remotes found in the git config file.
2024-01-11 21:00:11.321 [info] > git for-each-ref --format=%(refname)%00%(upstream:short)%00%(objectname)%00%(upstream:track)%00%(upstream:remotename)%00%(upstream:remoteref) refs/heads/master refs/remotes/master [1ms]
2024-01-11 21:00:11.365 [info] > git status -z -uall [33ms]
2024-01-11 21:00:16.488 [info] > git config --get commit.template [2ms]
2024-01-11 21:00:16.501 [info] No remotes found in the git config file.
2024-01-11 21:00:16.502 [info] > git for-each-ref --format=%(refname)%00%(upstream:short)%00%(objectname)%00%(upstream:track)%00%(upstream:remotename)%00%(upstream:remoteref) refs/heads/master refs/remotes/master [2ms]
2024-01-11 21:00:16.550 [info] > git status -z -uall [33ms]
2024-01-11 21:00:20.269 [info] > git show --textconv :web1.html [12ms]
2024-01-11 21:00:20.271 [info] > git ls-files --stage -- /home/limagalo/web1.html [3ms]
2024-01-11 21:00:21.667 [info] > git config --get commit.template [2ms]
2024-01-11 21:00:21.680 [info] No remotes found in the git config file.
2024-01-11 21:00:21.682 [info] > git for-each-ref --format=%(refname)%00%(upstream:short)%00%(objectname)%00%(upstream:track)%00%(upstream:remotename)%00%(upstream:remoteref) refs/heads/master refs/remotes/master [2ms]
2024-01-11 21:00:21.728 [info] > git status -z -uall [34ms]
2024-01-11 21:00:26.854 [info] No remotes found in the git config file.
2024-01-11 21:00:26.855 [info] > git config --get commit.template [13ms]
2024-01-11 21:00:26.856 [info] > git for-each-ref --format=%(refname)%00%(upstream:short)%00%(objectname)%00%(upstream:track)%00%(upstream:remotename)%00%(upstream:remoteref) refs/heads/master refs/remotes/master [2ms]
2024-01-11 21:00:26.899 [info] > git status -z -uall [32ms]
2024-01-11 21:00:32.022 [info] > git config --get commit.template [2ms]
2024-01-11 21:00:32.037 [info] No remotes found in the git config file.
2024-01-11 21:00:32.039 [info] > git for-each-ref --format=%(refname)%00%(upstream:short)%00%(objectname)%00%(upstream:track)%00%(upstream:remotename)%00%(upstream:remoteref) refs/heads/master refs/remotes/master [2ms]
2024-01-11 21:00:32.087 [info] > git status -z -uall [33ms]
2024-01-11 21:00:37.220 [info] No remotes found in the git config file.
2024-01-11 21:00:37.222 [info] > git config --get commit.template [20ms]
2024-01-11 21:00:37.227 [info] > git for-each-ref --format=%(refname)%00%(upstream:short)%00%(objectname)%00%(upstream:track)%00%(upstream:remotename)%00%(upstream:remoteref) refs/heads/master refs/remotes/master [7ms]
2024-01-11 21:00:37.280 [info] > git status -z -uall [36ms]
2024-01-11 21:00:42.405 [info] > git config --get commit.template [2ms]
2024-01-11 21:00:42.422 [info] No remotes found in the git config file.
2024-01-11 21:00:42.423 [info] > git for-each-ref --format=%(refname)%00%(upstream:short)%00%(objectname)%00%(upstream:track)%00%(upstream:remotename)%00%(upstream:remoteref) refs/heads/master refs/remotes/master [2ms]
2024-01-11 21:00:42.471 [info] > git status -z -uall [35ms]
2024-01-11 21:00:47.582 [info] > git config --get commit.template [2ms]
2024-01-11 21:00:47.598 [info] No remotes found in the git config file.
2024-01-11 21:00:47.599 [info] > git for-each-ref --format=%(refname)%00%(upstream:short)%00%(objectname)%00%(upstream:track)%00%(upstream:remotename)%00%(upstream:remoteref) refs/heads/master refs/remotes/master [2ms]
2024-01-11 21:00:47.643 [info] > git status -z -uall [31ms]
2024-01-11 21:00:52.754 [info] > git config --get commit.template [2ms]
2024-01-11 21:00:52.769 [info] No remotes found in the git config file.
2024-01-11 21:00:52.770 [info] > git for-each-ref --format=%(refname)%00%(upstream:short)%00%(objectname)%00%(upstream:track)%00%(upstream:remotename)%00%(upstream:remoteref) refs/heads/master refs/remotes/master [1ms]
2024-01-11 21:00:52.817 [info] > git status -z -uall [32ms]
2024-01-11 21:00:57.946 [info] > git config --get commit.template [2ms]
2024-01-11 21:00:57.966 [info] No remotes found in the git config file.
2024-01-11 21:00:57.968 [info] > git for-each-ref --format=%(refname)%00%(upstream:short)%00%(objectname)%00%(upstream:track)%00%(upstream:remotename)%00%(upstream:remoteref) refs/heads/master refs/remotes/master [2ms]
2024-01-11 21:00:58.035 [info] > git status -z -uall [46ms]
2024-01-11 21:01:03.222 [info] No remotes found in the git config file.
2024-01-11 21:01:03.239 [info] > git config --get commit.template [19ms]
2024-01-11 21:01:03.240 [info] > git for-each-ref --format=%(refname)%00%(upstream:short)%00%(objectname)%00%(upstream:track)%00%(upstream:remotename)%00%(upstream:remoteref) refs/heads/master refs/remotes/master [2ms]
2024-01-11 21:01:03.294 [info] > git status -z -uall [35ms]
2024-01-11 21:01:08.408 [info] > git config --get commit.template [2ms]
2024-01-11 21:01:08.424 [info] No remotes found in the git config file.
2024-01-11 21:01:08.425 [info] > git for-each-ref --format=%(refname)%00%(upstream:short)%00%(objectname)%00%(upstream:track)%00%(upstream:remotename)%00%(upstream:remoteref) refs/heads/master refs/remotes/master [1ms]
2024-01-11 21:01:08.481 [info] > git status -z -uall [40ms]
2024-01-11 21:01:13.632 [info] No remotes found in the git config file.
2024-01-11 21:01:13.634 [info] > git config --get commit.template [20ms]
2024-01-11 21:01:13.640 [info] > git for-each-ref --format=%(refname)%00%(upstream:short)%00%(objectname)%00%(upstream:track)%00%(upstream:remotename)%00%(upstream:remoteref) refs/heads/master refs/remotes/master [8ms]
2024-01-11 21:01:13.697 [info] > git status -z -uall [36ms]
2024-01-11 21:01:18.818 [info] > git config --get commit.template [2ms]
2024-01-11 21:01:18.832 [info] No remotes found in the git config file.
2024-01-11 21:01:18.834 [info] > git for-each-ref --format=%(refname)%00%(upstream:short)%00%(objectname)%00%(upstream:track)%00%(upstream:remotename)%00%(upstream:remoteref) refs/heads/master refs/remotes/master [2ms]
2024-01-11 21:01:18.880 [info] > git status -z -uall [33ms]
2024-01-11 21:01:23.998 [info] > git config --get commit.template [2ms]
2024-01-11 21:01:24.011 [info] No remotes found in the git config file.
2024-01-11 21:01:24.012 [info] > git for-each-ref --format=%(refname)%00%(upstream:short)%00%(objectname)%00%(upstream:track)%00%(upstream:remotename)%00%(upstream:remoteref) refs/heads/master refs/remotes/master [1ms]
2024-01-11 21:01:24.057 [info] > git status -z -uall [31ms]
2024-01-11 21:01:27.192 [info] > git show --textconv :web1.html [15ms]
2024-01-11 21:01:27.192 [info] > git ls-files --stage -- /home/limagalo/web1.html [2ms]
2024-01-11 21:01:29.197 [info] > git config --get commit.template [1ms]
2024-01-11 21:01:29.212 [info] No remotes found in the git config file.
2024-01-11 21:01:29.213 [info] > git for-each-ref --format=%(refname)%00%(upstream:short)%00%(objectname)%00%(upstream:track)%00%(upstream:remotename)%00%(upstream:remoteref) refs/heads/master refs/remotes/master [2ms]
2024-01-11 21:01:29.263 [info] > git status -z -uall [36ms]
2024-01-11 21:01:34.387 [info] > git config --get commit.template [2ms]
2024-01-11 21:01:34.403 [info] No remotes found in the git config file.
2024-01-11 21:01:34.405 [info] > git for-each-ref --format=%(refname)%00%(upstream:short)%00%(objectname)%00%(upstream:track)%00%(upstream:remotename)%00%(upstream:remoteref) refs/heads/master refs/remotes/master [1ms]
2024-01-11 21:01:34.451 [info] > git status -z -uall [32ms]
2024-01-11 21:01:39.564 [info] > git config --get commit.template [2ms]
2024-01-11 21:01:39.585 [info] No remotes found in the git config file.
2024-01-11 21:01:39.586 [info] > git for-each-ref --format=%(refname)%00%(upstream:short)%00%(objectname)%00%(upstream:track)%00%(upstream:remotename)%00%(upstream:remoteref) refs/heads/master refs/remotes/master [1ms]
2024-01-11 21:01:39.633 [info] > git status -z -uall [33ms]
2024-01-11 21:01:44.745 [info] > git config --get commit.template [1ms]
2024-01-11 21:01:44.745 [info] No remotes found in the git config file.
2024-01-11 21:01:44.770 [info] > git for-each-ref --format=%(refname)%00%(upstream:short)%00%(objectname)%00%(upstream:track)%00%(upstream:remotename)%00%(upstream:remoteref) refs/heads/master refs/remotes/master [1ms]
2024-01-11 21:01:44.817 [info] > git status -z -uall [32ms]
2024-01-11 21:01:49.937 [info] > git config --get commit.template [1ms]
2024-01-11 21:01:49.955 [info] No remotes found in the git config file.
2024-01-11 21:01:49.956 [info] > git for-each-ref --format=%(refname)%00%(upstream:short)%00%(objectname)%00%(upstream:track)%00%(upstream:remotename)%00%(upstream:remoteref) refs/heads/master refs/remotes/master [2ms]
2024-01-11 21:01:50.002 [info] > git status -z -uall [31ms]
