2024-01-11 20:57:00.980 [info] Log level: Info
2024-01-11 20:57:00.980 [info] Validating found git in: "git"
2024-01-11 20:57:00.980 [info] Using git "2.34.1" from "git"
2024-01-11 20:57:00.980 [info] > git rev-parse --show-toplevel [5ms]
2024-01-11 20:57:00.980 [info] > git rev-parse --git-dir --git-common-dir [3ms]
2024-01-11 20:57:00.980 [info] Open repository: /home/limagalo
2024-01-11 20:57:00.980 [info] > git config --get commit.template [9ms]
2024-01-11 20:57:00.980 [info] > git rev-parse --show-toplevel [8ms]
2024-01-11 20:57:00.990 [info] No remotes found in the git config file.
2024-01-11 20:57:01.000 [info] > git for-each-ref --format=%(refname)%00%(upstream:short)%00%(objectname)%00%(upstream:track)%00%(upstream:remotename)%00%(upstream:remoteref) refs/heads/master refs/remotes/master [12ms]
2024-01-11 20:57:01.012 [info] > git rev-parse --show-toplevel [14ms]
2024-01-11 20:57:01.089 [info] > git rev-parse --show-toplevel [68ms]
2024-01-11 20:57:01.103 [info] > git status -z -uall [93ms]
2024-01-11 20:57:02.068 [info] > git config --get commit.template [808ms]
2024-01-11 20:57:02.128 [info] No remotes found in the git config file.
2024-01-11 20:57:02.129 [info] > git check-ignore -v -z --stdin [50ms]
2024-01-11 20:57:02.134 [info] > git for-each-ref --format=%(refname)%00%(upstream:short)%00%(objectname)%00%(upstream:track)%00%(upstream:remotename)%00%(upstream:remoteref) refs/heads/master refs/remotes/master [5ms]
2024-01-11 20:57:02.184 [info] > git status -z -uall [42ms]
2024-01-11 20:57:03.649 [info] > git check-ignore -v -z --stdin [2ms]
2024-01-11 20:57:04.457 [info] No remotes found in the git config file.
2024-01-11 20:57:04.459 [info] > git config --get commit.template [12ms]
2024-01-11 20:57:04.459 [info] > git for-each-ref --format=%(refname)%00%(upstream:short)%00%(objectname)%00%(upstream:track)%00%(upstream:remotename)%00%(upstream:remoteref) refs/heads/master refs/remotes/master [2ms]
2024-01-11 20:57:04.506 [info] > git status -z -uall [37ms]
2024-01-11 20:57:05.510 [info] > git check-ignore -v -z --stdin [4ms]
2024-01-11 20:57:05.584 [info] > git show --textconv :.vscode-server/bin/0ee08df0cf4527e40edc9aa28f4b5bd38bbff2b2/bin/code-server [41ms]
2024-01-11 20:57:05.584 [info] > git ls-files --stage -- /home/limagalo/.vscode-server/bin/0ee08df0cf4527e40edc9aa28f4b5bd38bbff2b2/bin/code-server [28ms]
2024-01-11 20:57:09.658 [info] > git config --get commit.template [3ms]
2024-01-11 20:57:09.668 [info] No remotes found in the git config file.
2024-01-11 20:57:09.669 [info] > git for-each-ref --format=%(refname)%00%(upstream:short)%00%(objectname)%00%(upstream:track)%00%(upstream:remotename)%00%(upstream:remoteref) refs/heads/master refs/remotes/master [1ms]
2024-01-11 20:57:09.713 [info] > git status -z -uall [32ms]
2024-01-11 20:57:09.832 [info] > git check-ignore -v -z --stdin [2ms]
2024-01-11 20:57:11.883 [info] > git check-ignore -v -z --stdin [1ms]
2024-01-11 20:57:13.388 [info] > git check-ignore -v -z --stdin [1ms]
2024-01-11 20:57:14.834 [info] > git config --get commit.template [3ms]
2024-01-11 20:57:14.837 [info] No remotes found in the git config file.
2024-01-11 20:57:14.850 [info] > git for-each-ref --format=%(refname)%00%(upstream:short)%00%(objectname)%00%(upstream:track)%00%(upstream:remotename)%00%(upstream:remoteref) refs/heads/master refs/remotes/master [2ms]
2024-01-11 20:57:14.896 [info] > git status -z -uall [34ms]
