2024-01-11 22:06:44.731 [info] Log level: Info
2024-01-11 22:06:44.731 [info] Validating found git in: "git"
2024-01-11 22:06:44.731 [info] Using git "2.34.1" from "git"
2024-01-11 22:06:44.731 [info] > git rev-parse --show-toplevel [87ms]
2024-01-11 22:06:44.731 [info] > git rev-parse --git-dir --git-common-dir [22ms]
2024-01-11 22:06:44.731 [info] Open repository: /home/limagalo
2024-01-11 22:06:44.735 [info] > git config --get commit.template [7ms]
2024-01-11 22:06:44.750 [info] > git for-each-ref --format=%(refname)%00%(upstream:short)%00%(objectname)%00%(upstream:track)%00%(upstream:remotename)%00%(upstream:remoteref) refs/heads/master refs/remotes/master [7ms]
2024-01-11 22:06:44.797 [info] > git status -z -uall [39ms]
2024-01-11 22:06:45.703 [info] > git check-ignore -v -z --stdin [31ms]
2024-01-11 22:06:45.705 [info] > git config --get commit.template [55ms]
2024-01-11 22:06:45.719 [info] > git for-each-ref --format=%(refname)%00%(upstream:short)%00%(objectname)%00%(upstream:track)%00%(upstream:remotename)%00%(upstream:remoteref) refs/heads/master refs/remotes/master [2ms]
2024-01-11 22:06:45.812 [info] > git status -z -uall [83ms]
2024-01-11 22:06:46.607 [info] > git show --textconv :web1.html [27ms]
2024-01-11 22:06:46.607 [info] > git ls-files --stage -- /home/limagalo/web1.html [20ms]
2024-01-11 22:06:46.621 [info] > git cat-file -s fae49144faa2ccef60b0b1d79ec78f9bd3af7c5f [4ms]
2024-01-11 22:06:47.715 [info] > git config --get commit.template [1ms]
2024-01-11 22:06:47.725 [info] > git for-each-ref --format=%(refname)%00%(upstream:short)%00%(objectname)%00%(upstream:track)%00%(upstream:remotename)%00%(upstream:remoteref) refs/heads/master refs/remotes/master [1ms]
2024-01-11 22:06:47.775 [info] > git status -z -uall [40ms]
2024-01-11 22:06:52.870 [info] > git config --get commit.template [2ms]
2024-01-11 22:06:52.882 [info] > git for-each-ref --format=%(refname)%00%(upstream:short)%00%(objectname)%00%(upstream:track)%00%(upstream:remotename)%00%(upstream:remoteref) refs/heads/master refs/remotes/master [1ms]
2024-01-11 22:06:52.942 [info] > git status -z -uall [36ms]
2024-01-11 22:06:59.984 [info] > git config --get commit.template [2ms]
2024-01-11 22:06:59.998 [info] > git for-each-ref --format=%(refname)%00%(upstream:short)%00%(objectname)%00%(upstream:track)%00%(upstream:remotename)%00%(upstream:remoteref) refs/heads/master refs/remotes/master [1ms]
2024-01-11 22:07:00.058 [info] > git status -z -uall [37ms]
2024-01-11 22:07:05.171 [info] > git config --get commit.template [7ms]
2024-01-11 22:07:05.188 [info] > git for-each-ref --format=%(refname)%00%(upstream:short)%00%(objectname)%00%(upstream:track)%00%(upstream:remotename)%00%(upstream:remoteref) refs/heads/master refs/remotes/master [1ms]
2024-01-11 22:07:05.253 [info] > git status -z -uall [51ms]
2024-01-11 22:07:10.365 [info] > git config --get commit.template [1ms]
2024-01-11 22:07:10.389 [info] > git for-each-ref --format=%(refname)%00%(upstream:short)%00%(objectname)%00%(upstream:track)%00%(upstream:remotename)%00%(upstream:remoteref) refs/heads/master refs/remotes/master [2ms]
2024-01-11 22:07:10.466 [info] > git status -z -uall [42ms]
2024-01-11 22:07:15.591 [info] > git config --get commit.template [2ms]
2024-01-11 22:07:15.605 [info] > git for-each-ref --format=%(refname)%00%(upstream:short)%00%(objectname)%00%(upstream:track)%00%(upstream:remotename)%00%(upstream:remoteref) refs/heads/master refs/remotes/master [1ms]
2024-01-11 22:07:15.657 [info] > git status -z -uall [33ms]
2024-01-11 22:07:20.785 [info] > git config --get commit.template [3ms]
2024-01-11 22:07:20.807 [info] > git for-each-ref --format=%(refname)%00%(upstream:short)%00%(objectname)%00%(upstream:track)%00%(upstream:remotename)%00%(upstream:remoteref) refs/heads/master refs/remotes/master [3ms]
2024-01-11 22:07:20.898 [info] > git status -z -uall [71ms]
2024-01-11 22:15:37.607 [info] > git config --get commit.template [3ms]
2024-01-11 22:15:37.636 [info] > git for-each-ref --format=%(refname)%00%(upstream:short)%00%(objectname)%00%(upstream:track)%00%(upstream:remotename)%00%(upstream:remoteref) refs/heads/master refs/remotes/master [17ms]
2024-01-11 22:15:37.650 [info] > git ls-files --stage -- /home/limagalo/web1.html [17ms]
2024-01-11 22:15:37.665 [info] > git cat-file -s 977daa3ddc53fc4b20ee6e7d902423e5e83c438c [3ms]
2024-01-11 22:15:37.687 [info] > git status -z -uall [38ms]
2024-01-11 22:15:37.754 [info] > git show --textconv :web1.html [71ms]
