2024-01-10 22:09:03.692 [info] Log level: Info
2024-01-10 22:09:03.692 [info] Validating found git in: "git"
2024-01-10 22:09:03.692 [info] Using git "2.34.1" from "git"
2024-01-10 22:09:03.692 [info] > git rev-parse --show-toplevel [6ms]
2024-01-10 22:09:12.919 [info] > git rev-parse --show-toplevel [2ms]
2024-01-10 22:09:12.926 [info] > git rev-parse --git-dir --git-common-dir [1ms]
2024-01-10 22:09:12.935 [info] Open repository: /home/limagalo
2024-01-10 22:09:12.946 [info] > git config --get commit.template [1ms]
2024-01-10 22:09:12.953 [info] No remotes found in the git config file.
2024-01-10 22:09:12.955 [info] > git for-each-ref --format=%(refname)%00%(upstream:short)%00%(objectname)%00%(upstream:track)%00%(upstream:remotename)%00%(upstream:remoteref) refs/heads/master refs/remotes/master [2ms]
2024-01-10 22:09:12.971 [info] > git status -z -uall [10ms]
2024-01-10 22:09:13.008 [info] > git config --get commit.template [2ms]
2024-01-10 22:09:13.009 [info] No remotes found in the git config file.
2024-01-10 22:09:13.015 [info] > git for-each-ref --format=%(refname)%00%(upstream:short)%00%(objectname)%00%(upstream:track)%00%(upstream:remotename)%00%(upstream:remoteref) refs/heads/master refs/remotes/master [1ms]
2024-01-10 22:09:13.028 [info] > git status -z -uall [8ms]
2024-01-10 22:09:13.449 [info] > git show --textconv :web1.html [8ms]
2024-01-10 22:09:13.450 [info] > git ls-files --stage -- /home/limagalo/web1.html [3ms]
2024-01-10 22:09:13.468 [info] > git check-ignore -v -z --stdin [1ms]
2024-01-10 22:09:19.694 [info] > git config --get commit.template [1ms]
2024-01-10 22:09:19.699 [info] No remotes found in the git config file.
2024-01-10 22:09:19.700 [info] > git for-each-ref --format=%(refname)%00%(upstream:short)%00%(objectname)%00%(upstream:track)%00%(upstream:remotename)%00%(upstream:remoteref) refs/heads/master refs/remotes/master [1ms]
2024-01-10 22:09:19.713 [info] > git status -z -uall [7ms]
2024-01-10 22:09:23.638 [info] > git check-ignore -v -z --stdin [1ms]
2024-01-10 22:09:24.736 [info] > git config --get commit.template [2ms]
2024-01-10 22:09:24.742 [info] No remotes found in the git config file.
2024-01-10 22:09:24.742 [info] > git for-each-ref --format=%(refname)%00%(upstream:short)%00%(objectname)%00%(upstream:track)%00%(upstream:remotename)%00%(upstream:remoteref) refs/heads/master refs/remotes/master [1ms]
2024-01-10 22:09:24.754 [info] > git status -z -uall [7ms]
2024-01-10 22:09:25.851 [info] > git check-ignore -v -z --stdin [1ms]
2024-01-10 22:09:29.785 [info] No remotes found in the git config file.
2024-01-10 22:09:29.786 [info] > git config --get commit.template [8ms]
2024-01-10 22:09:29.787 [info] > git for-each-ref --format=%(refname)%00%(upstream:short)%00%(objectname)%00%(upstream:track)%00%(upstream:remotename)%00%(upstream:remoteref) refs/heads/master refs/remotes/master [2ms]
2024-01-10 22:09:29.799 [info] > git status -z -uall [6ms]
2024-01-10 22:09:34.824 [info] > git config --get commit.template [1ms]
2024-01-10 22:09:34.832 [info] No remotes found in the git config file.
2024-01-10 22:09:34.833 [info] > git for-each-ref --format=%(refname)%00%(upstream:short)%00%(objectname)%00%(upstream:track)%00%(upstream:remotename)%00%(upstream:remoteref) refs/heads/master refs/remotes/master [1ms]
2024-01-10 22:09:34.845 [info] > git status -z -uall [6ms]
2024-01-10 22:09:39.869 [info] > git config --get commit.template [1ms]
2024-01-10 22:09:39.876 [info] No remotes found in the git config file.
2024-01-10 22:09:39.876 [info] > git for-each-ref --format=%(refname)%00%(upstream:short)%00%(objectname)%00%(upstream:track)%00%(upstream:remotename)%00%(upstream:remoteref) refs/heads/master refs/remotes/master [0ms]
2024-01-10 22:09:39.893 [info] > git status -z -uall [6ms]
2024-01-10 22:09:44.916 [info] > git config --get commit.template [1ms]
2024-01-10 22:09:44.923 [info] No remotes found in the git config file.
2024-01-10 22:09:44.923 [info] > git for-each-ref --format=%(refname)%00%(upstream:short)%00%(objectname)%00%(upstream:track)%00%(upstream:remotename)%00%(upstream:remoteref) refs/heads/master refs/remotes/master [1ms]
2024-01-10 22:09:44.936 [info] > git status -z -uall [6ms]
2024-01-10 22:09:49.957 [info] > git config --get commit.template [1ms]
2024-01-10 22:09:49.963 [info] No remotes found in the git config file.
2024-01-10 22:09:49.964 [info] > git for-each-ref --format=%(refname)%00%(upstream:short)%00%(objectname)%00%(upstream:track)%00%(upstream:remotename)%00%(upstream:remoteref) refs/heads/master refs/remotes/master [2ms]
2024-01-10 22:09:49.977 [info] > git status -z -uall [8ms]
2024-01-10 22:09:55.000 [info] > git config --get commit.template [2ms]
2024-01-10 22:09:55.007 [info] No remotes found in the git config file.
2024-01-10 22:09:55.007 [info] > git for-each-ref --format=%(refname)%00%(upstream:short)%00%(objectname)%00%(upstream:track)%00%(upstream:remotename)%00%(upstream:remoteref) refs/heads/master refs/remotes/master [1ms]
2024-01-10 22:09:55.019 [info] > git status -z -uall [6ms]
2024-01-10 22:10:00.043 [info] > git config --get commit.template [0ms]
2024-01-10 22:10:00.050 [info] No remotes found in the git config file.
2024-01-10 22:10:00.050 [info] > git for-each-ref --format=%(refname)%00%(upstream:short)%00%(objectname)%00%(upstream:track)%00%(upstream:remotename)%00%(upstream:remoteref) refs/heads/master refs/remotes/master [1ms]
2024-01-10 22:10:00.062 [info] > git status -z -uall [6ms]
2024-01-10 22:10:01.977 [info] > git show --textconv :web1.html [7ms]
2024-01-10 22:10:01.977 [info] > git ls-files --stage -- /home/limagalo/web1.html [1ms]
2024-01-10 22:10:05.085 [info] > git config --get commit.template [1ms]
2024-01-10 22:10:05.091 [info] No remotes found in the git config file.
2024-01-10 22:10:05.092 [info] > git for-each-ref --format=%(refname)%00%(upstream:short)%00%(objectname)%00%(upstream:track)%00%(upstream:remotename)%00%(upstream:remoteref) refs/heads/master refs/remotes/master [1ms]
2024-01-10 22:10:05.104 [info] > git status -z -uall [6ms]
2024-01-10 22:10:10.128 [info] > git config --get commit.template [2ms]
2024-01-10 22:10:10.135 [info] No remotes found in the git config file.
2024-01-10 22:10:10.135 [info] > git for-each-ref --format=%(refname)%00%(upstream:short)%00%(objectname)%00%(upstream:track)%00%(upstream:remotename)%00%(upstream:remoteref) refs/heads/master refs/remotes/master [1ms]
2024-01-10 22:10:10.147 [info] > git status -z -uall [6ms]
2024-01-10 22:10:19.864 [info] > git config --get commit.template [1ms]
2024-01-10 22:10:19.870 [info] No remotes found in the git config file.
2024-01-10 22:10:19.871 [info] > git for-each-ref --format=%(refname)%00%(upstream:short)%00%(objectname)%00%(upstream:track)%00%(upstream:remotename)%00%(upstream:remoteref) refs/heads/master refs/remotes/master [1ms]
2024-01-10 22:10:19.883 [info] > git status -z -uall [7ms]
2024-01-10 22:10:24.905 [info] > git config --get commit.template [2ms]
2024-01-10 22:10:24.911 [info] No remotes found in the git config file.
2024-01-10 22:10:24.911 [info] > git for-each-ref --format=%(refname)%00%(upstream:short)%00%(objectname)%00%(upstream:track)%00%(upstream:remotename)%00%(upstream:remoteref) refs/heads/master refs/remotes/master [0ms]
2024-01-10 22:10:24.923 [info] > git status -z -uall [6ms]
2024-01-10 22:10:29.947 [info] > git config --get commit.template [1ms]
2024-01-10 22:10:29.954 [info] No remotes found in the git config file.
2024-01-10 22:10:29.955 [info] > git for-each-ref --format=%(refname)%00%(upstream:short)%00%(objectname)%00%(upstream:track)%00%(upstream:remotename)%00%(upstream:remoteref) refs/heads/master refs/remotes/master [2ms]
2024-01-10 22:10:29.972 [info] > git status -z -uall [11ms]
2024-01-10 22:10:34.996 [info] > git config --get commit.template [2ms]
2024-01-10 22:10:35.003 [info] No remotes found in the git config file.
2024-01-10 22:10:35.004 [info] > git for-each-ref --format=%(refname)%00%(upstream:short)%00%(objectname)%00%(upstream:track)%00%(upstream:remotename)%00%(upstream:remoteref) refs/heads/master refs/remotes/master [1ms]
2024-01-10 22:10:35.015 [info] > git status -z -uall [6ms]
2024-01-10 22:10:35.656 [info] > git show --textconv :web1.html [8ms]
2024-01-10 22:10:35.657 [info] > git ls-files --stage -- /home/limagalo/web1.html [2ms]
2024-01-10 22:10:40.039 [info] > git config --get commit.template [2ms]
2024-01-10 22:10:40.045 [info] No remotes found in the git config file.
2024-01-10 22:10:40.045 [info] > git for-each-ref --format=%(refname)%00%(upstream:short)%00%(objectname)%00%(upstream:track)%00%(upstream:remotename)%00%(upstream:remoteref) refs/heads/master refs/remotes/master [1ms]
2024-01-10 22:10:40.058 [info] > git status -z -uall [7ms]
2024-01-10 22:10:45.081 [info] > git config --get commit.template [1ms]
2024-01-10 22:10:45.088 [info] No remotes found in the git config file.
2024-01-10 22:10:45.089 [info] > git for-each-ref --format=%(refname)%00%(upstream:short)%00%(objectname)%00%(upstream:track)%00%(upstream:remotename)%00%(upstream:remoteref) refs/heads/master refs/remotes/master [1ms]
2024-01-10 22:10:45.101 [info] > git status -z -uall [7ms]
2024-01-10 22:10:50.125 [info] > git config --get commit.template [2ms]
2024-01-10 22:10:50.131 [info] No remotes found in the git config file.
2024-01-10 22:10:50.132 [info] > git for-each-ref --format=%(refname)%00%(upstream:short)%00%(objectname)%00%(upstream:track)%00%(upstream:remotename)%00%(upstream:remoteref) refs/heads/master refs/remotes/master [1ms]
2024-01-10 22:10:50.145 [info] > git status -z -uall [7ms]
2024-01-10 22:10:55.168 [info] > git config --get commit.template [1ms]
2024-01-10 22:10:55.169 [info] No remotes found in the git config file.
2024-01-10 22:10:55.175 [info] > git for-each-ref --format=%(refname)%00%(upstream:short)%00%(objectname)%00%(upstream:track)%00%(upstream:remotename)%00%(upstream:remoteref) refs/heads/master refs/remotes/master [1ms]
2024-01-10 22:10:55.188 [info] > git status -z -uall [7ms]
2024-01-10 22:11:00.212 [info] > git config --get commit.template [1ms]
2024-01-10 22:11:00.219 [info] No remotes found in the git config file.
2024-01-10 22:11:00.220 [info] > git for-each-ref --format=%(refname)%00%(upstream:short)%00%(objectname)%00%(upstream:track)%00%(upstream:remotename)%00%(upstream:remoteref) refs/heads/master refs/remotes/master [1ms]
2024-01-10 22:11:00.231 [info] > git status -z -uall [6ms]
2024-01-10 22:11:05.261 [info] No remotes found in the git config file.
2024-01-10 22:11:05.262 [info] > git config --get commit.template [8ms]
2024-01-10 22:11:05.263 [info] > git for-each-ref --format=%(refname)%00%(upstream:short)%00%(objectname)%00%(upstream:track)%00%(upstream:remotename)%00%(upstream:remoteref) refs/heads/master refs/remotes/master [2ms]
2024-01-10 22:11:05.275 [info] > git status -z -uall [6ms]
2024-01-10 22:11:06.040 [info] > git check-ignore -v -z --stdin [1ms]
2024-01-10 22:11:06.727 [info] > git check-ignore -v -z --stdin [1ms]
2024-01-10 22:11:08.282 [info] > git check-ignore -v -z --stdin [0ms]
2024-01-10 22:11:09.809 [info] > git check-ignore -v -z --stdin [1ms]
2024-01-10 22:11:10.299 [info] > git config --get commit.template [1ms]
2024-01-10 22:11:10.305 [info] No remotes found in the git config file.
2024-01-10 22:11:10.306 [info] > git for-each-ref --format=%(refname)%00%(upstream:short)%00%(objectname)%00%(upstream:track)%00%(upstream:remotename)%00%(upstream:remoteref) refs/heads/master refs/remotes/master [1ms]
2024-01-10 22:11:10.319 [info] > git status -z -uall [6ms]
2024-01-10 22:11:11.239 [info] > git check-ignore -v -z --stdin [1ms]
2024-01-10 22:11:15.342 [info] > git config --get commit.template [2ms]
2024-01-10 22:11:15.348 [info] No remotes found in the git config file.
2024-01-10 22:11:15.348 [info] > git for-each-ref --format=%(refname)%00%(upstream:short)%00%(objectname)%00%(upstream:track)%00%(upstream:remotename)%00%(upstream:remoteref) refs/heads/master refs/remotes/master [1ms]
2024-01-10 22:11:15.361 [info] > git status -z -uall [6ms]
2024-01-10 22:11:16.582 [info] > git check-ignore -v -z --stdin [1ms]
2024-01-10 22:11:17.167 [info] > git check-ignore -v -z --stdin [1ms]
2024-01-10 22:11:19.207 [info] > git check-ignore -v -z --stdin [2ms]
2024-01-10 22:11:20.384 [info] > git config --get commit.template [1ms]
2024-01-10 22:11:20.390 [info] No remotes found in the git config file.
2024-01-10 22:11:20.391 [info] > git for-each-ref --format=%(refname)%00%(upstream:short)%00%(objectname)%00%(upstream:track)%00%(upstream:remotename)%00%(upstream:remoteref) refs/heads/master refs/remotes/master [1ms]
2024-01-10 22:11:20.402 [info] > git status -z -uall [6ms]
2024-01-10 22:11:25.426 [info] > git config --get commit.template [1ms]
2024-01-10 22:11:25.432 [info] No remotes found in the git config file.
2024-01-10 22:11:25.433 [info] > git for-each-ref --format=%(refname)%00%(upstream:short)%00%(objectname)%00%(upstream:track)%00%(upstream:remotename)%00%(upstream:remoteref) refs/heads/master refs/remotes/master [1ms]
2024-01-10 22:11:25.445 [info] > git status -z -uall [6ms]
2024-01-10 22:11:26.929 [info] > git show --textconv HEAD:web1.html [12ms]
2024-01-10 22:11:26.932 [info] > git ls-tree -l HEAD -- /home/limagalo/web1.html [7ms]
2024-01-10 22:11:26.932 [info] fatal: Not a valid object name HEAD
2024-01-10 22:11:30.470 [info] > git config --get commit.template [2ms]
2024-01-10 22:11:30.477 [info] No remotes found in the git config file.
2024-01-10 22:11:30.479 [info] > git for-each-ref --format=%(refname)%00%(upstream:short)%00%(objectname)%00%(upstream:track)%00%(upstream:remotename)%00%(upstream:remoteref) refs/heads/master refs/remotes/master [2ms]
2024-01-10 22:11:30.491 [info] > git status -z -uall [6ms]
2024-01-10 22:11:35.440 [info] > git show --textconv HEAD:web.htlm [8ms]
2024-01-10 22:11:35.440 [info] > git ls-tree -l HEAD -- /home/limagalo/web.htlm [2ms]
2024-01-10 22:11:35.440 [info] fatal: Not a valid object name HEAD
2024-01-10 22:11:35.515 [info] > git config --get commit.template [1ms]
2024-01-10 22:11:35.521 [info] No remotes found in the git config file.
2024-01-10 22:11:35.522 [info] > git for-each-ref --format=%(refname)%00%(upstream:short)%00%(objectname)%00%(upstream:track)%00%(upstream:remotename)%00%(upstream:remoteref) refs/heads/master refs/remotes/master [2ms]
2024-01-10 22:11:35.534 [info] > git status -z -uall [7ms]
2024-01-10 22:11:36.347 [info] > git ls-tree -l HEAD -- /home/limagalo/web1.html [2ms]
2024-01-10 22:11:36.347 [info] fatal: Not a valid object name HEAD
2024-01-10 22:11:41.399 [info] > git ls-tree -l HEAD -- /home/limagalo/web1.html [10ms]
2024-01-10 22:11:41.399 [info] fatal: Not a valid object name HEAD
2024-01-10 22:11:41.400 [info] > git config --get commit.template [1ms]
2024-01-10 22:11:41.406 [info] No remotes found in the git config file.
2024-01-10 22:11:41.407 [info] > git for-each-ref --format=%(refname)%00%(upstream:short)%00%(objectname)%00%(upstream:track)%00%(upstream:remotename)%00%(upstream:remoteref) refs/heads/master refs/remotes/master [1ms]
2024-01-10 22:11:41.420 [info] > git status -z -uall [7ms]
2024-01-10 22:11:42.546 [info] > git show --textconv HEAD:web1.html [8ms]
2024-01-10 22:11:42.548 [info] > git ls-tree -l HEAD -- /home/limagalo/web1.html [4ms]
2024-01-10 22:11:42.548 [info] fatal: Not a valid object name HEAD
2024-01-10 22:11:46.444 [info] > git config --get commit.template [2ms]
2024-01-10 22:11:46.449 [info] No remotes found in the git config file.
2024-01-10 22:11:46.450 [info] > git for-each-ref --format=%(refname)%00%(upstream:short)%00%(objectname)%00%(upstream:track)%00%(upstream:remotename)%00%(upstream:remoteref) refs/heads/master refs/remotes/master [1ms]
2024-01-10 22:11:46.462 [info] > git status -z -uall [6ms]
2024-01-10 22:11:51.486 [info] > git config --get commit.template [1ms]
2024-01-10 22:11:51.492 [info] No remotes found in the git config file.
2024-01-10 22:11:51.493 [info] > git for-each-ref --format=%(refname)%00%(upstream:short)%00%(objectname)%00%(upstream:track)%00%(upstream:remotename)%00%(upstream:remoteref) refs/heads/master refs/remotes/master [2ms]
2024-01-10 22:11:51.505 [info] > git status -z -uall [7ms]
