2024-01-11 22:06:42.979 [info] Extension host with pid 12910 started
2024-01-11 22:06:43.033 [info] ExtensionService#_doActivateExtension vscode.html-language-features, startup: false, activationEvent: 'onLanguage:html'
2024-01-11 22:06:43.034 [info] ExtensionService#_doActivateExtension vscode.emmet, startup: false, activationEvent: 'onLanguage'
2024-01-11 22:06:44.037 [info] ExtensionService#_doActivateExtension vscode.git-base, startup: true, activationEvent: '*', root cause: vscode.git
2024-01-11 22:06:44.049 [info] ExtensionService#_doActivateExtension vscode.git, startup: true, activationEvent: '*'
2024-01-11 22:06:44.050 [info] ExtensionService#_doActivateExtension vscode.github, startup: true, activationEvent: '*'
2024-01-11 22:06:44.503 [info] Eager extensions activated
2024-01-11 22:06:44.503 [info] ExtensionService#_doActivateExtension vscode.debug-auto-launch, startup: false, activationEvent: 'onStartupFinished'
2024-01-11 22:06:44.504 [info] ExtensionService#_doActivateExtension vscode.merge-conflict, startup: false, activationEvent: 'onStartupFinished'
2024-01-11 22:06:44.504 [info] ExtensionService#_doActivateExtension ritwickdey.LiveServer, startup: false, activationEvent: 'onStartupFinished'
2024-01-11 22:06:44.980 [warning] [Decorations] CAPPING events from decorations provider vscode.git 6198
2024-01-11 22:06:45.885 [warning] [Decorations] CAPPING events from decorations provider vscode.git 6198
2024-01-11 22:06:47.836 [warning] [Decorations] CAPPING events from decorations provider vscode.git 6198
2024-01-11 22:06:53.009 [warning] [Decorations] CAPPING events from decorations provider vscode.git 6198
2024-01-11 22:07:00.129 [warning] [Decorations] CAPPING events from decorations provider vscode.git 6191
2024-01-11 22:07:05.330 [warning] [Decorations] CAPPING events from decorations provider vscode.git 6191
2024-01-11 22:07:10.551 [warning] [Decorations] CAPPING events from decorations provider vscode.git 6191
2024-01-11 22:07:15.732 [warning] [Decorations] CAPPING events from decorations provider vscode.git 6191
2024-01-11 22:07:20.984 [warning] [Decorations] CAPPING events from decorations provider vscode.git 6191
2024-01-11 22:15:37.725 [warning] [Decorations] CAPPING events from decorations provider vscode.git 6193
