2024-01-11 20:49:21.016 [info] Log level: Info
2024-01-11 20:49:21.016 [info] Validating found git in: "git"
2024-01-11 20:49:21.016 [info] Using git "2.34.1" from "git"
2024-01-11 20:49:21.016 [info] > git rev-parse --show-toplevel [6ms]
2024-01-11 20:49:21.016 [info] > git rev-parse --git-dir --git-common-dir [15ms]
2024-01-11 20:49:21.016 [info] Open repository: /home/limagalo
2024-01-11 20:49:21.018 [info] > git config --get commit.template [2ms]
2024-01-11 20:49:21.026 [info] No remotes found in the git config file.
2024-01-11 20:49:21.027 [info] > git for-each-ref --format=%(refname)%00%(upstream:short)%00%(objectname)%00%(upstream:track)%00%(upstream:remotename)%00%(upstream:remoteref) refs/heads/master refs/remotes/master [3ms]
2024-01-11 20:49:21.054 [info] > git status -z -uall [16ms]
2024-01-11 20:49:21.413 [info] > git config --get commit.template [9ms]
2024-01-11 20:49:21.421 [info] No remotes found in the git config file.
2024-01-11 20:49:21.423 [info] > git for-each-ref --format=%(refname)%00%(upstream:short)%00%(objectname)%00%(upstream:track)%00%(upstream:remotename)%00%(upstream:remoteref) refs/heads/master refs/remotes/master [2ms]
2024-01-11 20:49:21.443 [info] > git status -z -uall [13ms]
2024-01-11 20:49:21.503 [info] > git show --textconv :web1.html [8ms]
2024-01-11 20:49:21.503 [info] > git ls-files --stage -- /home/limagalo/web1.html [2ms]
2024-01-11 20:49:21.760 [info] > git check-ignore -v -z --stdin [2ms]
2024-01-11 20:49:22.194 [info] > git for-each-ref --sort -committerdate --format %(refname) %(objectname) %(*objectname) [1ms]
2024-01-11 20:49:22.762 [info] > git config --get commit.template [1ms]
2024-01-11 20:49:22.770 [info] No remotes found in the git config file.
2024-01-11 20:49:22.771 [info] > git for-each-ref --format=%(refname)%00%(upstream:short)%00%(objectname)%00%(upstream:track)%00%(upstream:remotename)%00%(upstream:remoteref) refs/heads/master refs/remotes/master [2ms]
2024-01-11 20:49:22.792 [info] > git status -z -uall [13ms]
2024-01-11 20:49:27.844 [info] > git config --get commit.template [2ms]
2024-01-11 20:49:27.853 [info] No remotes found in the git config file.
2024-01-11 20:49:27.854 [info] > git for-each-ref --format=%(refname)%00%(upstream:short)%00%(objectname)%00%(upstream:track)%00%(upstream:remotename)%00%(upstream:remoteref) refs/heads/master refs/remotes/master [1ms]
2024-01-11 20:49:27.872 [info] > git status -z -uall [11ms]
2024-01-11 20:49:32.911 [info] > git config --get commit.template [2ms]
2024-01-11 20:49:32.919 [info] No remotes found in the git config file.
2024-01-11 20:49:32.921 [info] > git for-each-ref --format=%(refname)%00%(upstream:short)%00%(objectname)%00%(upstream:track)%00%(upstream:remotename)%00%(upstream:remoteref) refs/heads/master refs/remotes/master [2ms]
2024-01-11 20:49:32.940 [info] > git status -z -uall [12ms]
2024-01-11 20:49:37.979 [info] > git config --get commit.template [3ms]
2024-01-11 20:49:37.988 [info] No remotes found in the git config file.
2024-01-11 20:49:37.989 [info] > git for-each-ref --format=%(refname)%00%(upstream:short)%00%(objectname)%00%(upstream:track)%00%(upstream:remotename)%00%(upstream:remoteref) refs/heads/master refs/remotes/master [2ms]
2024-01-11 20:49:38.007 [info] > git status -z -uall [11ms]
2024-01-11 20:49:43.052 [info] No remotes found in the git config file.
2024-01-11 20:49:43.053 [info] > git config --get commit.template [11ms]
2024-01-11 20:49:43.054 [info] > git for-each-ref --format=%(refname)%00%(upstream:short)%00%(objectname)%00%(upstream:track)%00%(upstream:remotename)%00%(upstream:remoteref) refs/heads/master refs/remotes/master [3ms]
2024-01-11 20:49:43.077 [info] > git status -z -uall [15ms]
2024-01-11 20:49:48.119 [info] > git config --get commit.template [1ms]
2024-01-11 20:49:48.133 [info] No remotes found in the git config file.
2024-01-11 20:49:48.135 [info] > git for-each-ref --format=%(refname)%00%(upstream:short)%00%(objectname)%00%(upstream:track)%00%(upstream:remotename)%00%(upstream:remoteref) refs/heads/master refs/remotes/master [3ms]
2024-01-11 20:49:48.157 [info] > git status -z -uall [12ms]
2024-01-11 20:49:53.197 [info] > git config --get commit.template [2ms]
2024-01-11 20:49:53.207 [info] No remotes found in the git config file.
2024-01-11 20:49:53.208 [info] > git for-each-ref --format=%(refname)%00%(upstream:short)%00%(objectname)%00%(upstream:track)%00%(upstream:remotename)%00%(upstream:remoteref) refs/heads/master refs/remotes/master [2ms]
2024-01-11 20:49:53.230 [info] > git status -z -uall [12ms]
2024-01-11 20:49:58.270 [info] > git config --get commit.template [2ms]
2024-01-11 20:49:58.281 [info] No remotes found in the git config file.
2024-01-11 20:49:58.283 [info] > git for-each-ref --format=%(refname)%00%(upstream:short)%00%(objectname)%00%(upstream:track)%00%(upstream:remotename)%00%(upstream:remoteref) refs/heads/master refs/remotes/master [2ms]
2024-01-11 20:49:58.303 [info] > git status -z -uall [11ms]
2024-01-11 20:50:03.344 [info] > git config --get commit.template [2ms]
2024-01-11 20:50:03.354 [info] No remotes found in the git config file.
2024-01-11 20:50:03.355 [info] > git for-each-ref --format=%(refname)%00%(upstream:short)%00%(objectname)%00%(upstream:track)%00%(upstream:remotename)%00%(upstream:remoteref) refs/heads/master refs/remotes/master [1ms]
2024-01-11 20:50:03.374 [info] > git status -z -uall [10ms]
2024-01-11 20:50:08.411 [info] > git config --get commit.template [1ms]
2024-01-11 20:50:08.421 [info] No remotes found in the git config file.
2024-01-11 20:50:08.422 [info] > git for-each-ref --format=%(refname)%00%(upstream:short)%00%(objectname)%00%(upstream:track)%00%(upstream:remotename)%00%(upstream:remoteref) refs/heads/master refs/remotes/master [1ms]
2024-01-11 20:50:08.441 [info] > git status -z -uall [10ms]
2024-01-11 20:50:13.481 [info] > git config --get commit.template [2ms]
2024-01-11 20:50:13.483 [info] No remotes found in the git config file.
2024-01-11 20:50:13.496 [info] > git for-each-ref --format=%(refname)%00%(upstream:short)%00%(objectname)%00%(upstream:track)%00%(upstream:remotename)%00%(upstream:remoteref) refs/heads/master refs/remotes/master [1ms]
2024-01-11 20:50:13.515 [info] > git status -z -uall [10ms]
2024-01-11 20:50:18.553 [info] > git config --get commit.template [1ms]
2024-01-11 20:50:18.564 [info] No remotes found in the git config file.
2024-01-11 20:50:18.565 [info] > git for-each-ref --format=%(refname)%00%(upstream:short)%00%(objectname)%00%(upstream:track)%00%(upstream:remotename)%00%(upstream:remoteref) refs/heads/master refs/remotes/master [2ms]
2024-01-11 20:50:18.584 [info] > git status -z -uall [10ms]
2024-01-11 20:50:23.632 [info] > git config --get commit.template [3ms]
2024-01-11 20:50:23.647 [info] No remotes found in the git config file.
2024-01-11 20:50:23.648 [info] > git for-each-ref --format=%(refname)%00%(upstream:short)%00%(objectname)%00%(upstream:track)%00%(upstream:remotename)%00%(upstream:remoteref) refs/heads/master refs/remotes/master [2ms]
2024-01-11 20:50:23.673 [info] > git status -z -uall [10ms]
2024-01-11 20:51:14.522 [info] > git config --get commit.template [2ms]
2024-01-11 20:51:14.533 [info] No remotes found in the git config file.
2024-01-11 20:51:14.534 [info] > git for-each-ref --format=%(refname)%00%(upstream:short)%00%(objectname)%00%(upstream:track)%00%(upstream:remotename)%00%(upstream:remoteref) refs/heads/master refs/remotes/master [2ms]
2024-01-11 20:51:14.558 [info] > git status -z -uall [15ms]
2024-01-11 20:51:19.611 [info] > git config --get commit.template [1ms]
2024-01-11 20:51:19.619 [info] No remotes found in the git config file.
2024-01-11 20:51:19.620 [info] > git for-each-ref --format=%(refname)%00%(upstream:short)%00%(objectname)%00%(upstream:track)%00%(upstream:remotename)%00%(upstream:remoteref) refs/heads/master refs/remotes/master [2ms]
2024-01-11 20:51:19.640 [info] > git status -z -uall [12ms]
2024-01-11 20:51:24.683 [info] > git config --get commit.template [2ms]
2024-01-11 20:51:24.695 [info] No remotes found in the git config file.
2024-01-11 20:51:24.696 [info] > git for-each-ref --format=%(refname)%00%(upstream:short)%00%(objectname)%00%(upstream:track)%00%(upstream:remotename)%00%(upstream:remoteref) refs/heads/master refs/remotes/master [2ms]
2024-01-11 20:51:24.720 [info] > git status -z -uall [14ms]
2024-01-11 20:51:29.760 [info] > git config --get commit.template [2ms]
2024-01-11 20:51:29.769 [info] No remotes found in the git config file.
2024-01-11 20:51:29.770 [info] > git for-each-ref --format=%(refname)%00%(upstream:short)%00%(objectname)%00%(upstream:track)%00%(upstream:remotename)%00%(upstream:remoteref) refs/heads/master refs/remotes/master [2ms]
2024-01-11 20:51:29.789 [info] > git status -z -uall [11ms]
2024-01-11 20:51:34.828 [info] No remotes found in the git config file.
2024-01-11 20:51:34.840 [info] > git config --get commit.template [13ms]
2024-01-11 20:51:34.842 [info] > git for-each-ref --format=%(refname)%00%(upstream:short)%00%(objectname)%00%(upstream:track)%00%(upstream:remotename)%00%(upstream:remoteref) refs/heads/master refs/remotes/master [3ms]
2024-01-11 20:51:34.869 [info] > git status -z -uall [13ms]
2024-01-11 20:51:39.908 [info] > git config --get commit.template [2ms]
2024-01-11 20:51:39.920 [info] No remotes found in the git config file.
2024-01-11 20:51:39.921 [info] > git for-each-ref --format=%(refname)%00%(upstream:short)%00%(objectname)%00%(upstream:track)%00%(upstream:remotename)%00%(upstream:remoteref) refs/heads/master refs/remotes/master [2ms]
2024-01-11 20:51:39.941 [info] > git status -z -uall [10ms]
2024-01-11 20:51:44.988 [info] No remotes found in the git config file.
2024-01-11 20:51:44.989 [info] > git config --get commit.template [10ms]
2024-01-11 20:51:44.990 [info] > git for-each-ref --format=%(refname)%00%(upstream:short)%00%(objectname)%00%(upstream:track)%00%(upstream:remotename)%00%(upstream:remoteref) refs/heads/master refs/remotes/master [3ms]
2024-01-11 20:51:45.015 [info] > git status -z -uall [16ms]
2024-01-11 20:51:50.077 [info] No remotes found in the git config file.
2024-01-11 20:51:50.078 [info] > git config --get commit.template [9ms]
2024-01-11 20:51:50.079 [info] > git for-each-ref --format=%(refname)%00%(upstream:short)%00%(objectname)%00%(upstream:track)%00%(upstream:remotename)%00%(upstream:remoteref) refs/heads/master refs/remotes/master [2ms]
2024-01-11 20:51:50.116 [info] > git status -z -uall [29ms]
2024-01-11 20:51:55.216 [info] > git config --get commit.template [1ms]
2024-01-11 20:51:55.226 [info] No remotes found in the git config file.
2024-01-11 20:51:55.228 [info] > git for-each-ref --format=%(refname)%00%(upstream:short)%00%(objectname)%00%(upstream:track)%00%(upstream:remotename)%00%(upstream:remoteref) refs/heads/master refs/remotes/master [3ms]
2024-01-11 20:51:55.276 [info] > git status -z -uall [39ms]
2024-01-11 20:51:56.675 [info] > git show --textconv :web1.html [14ms]
2024-01-11 20:51:56.678 [info] > git ls-files --stage -- /home/limagalo/web1.html [5ms]
