2024-01-11 20:52:21.411 [info] Log level: Info
2024-01-11 20:52:21.411 [info] Validating found git in: "git"
2024-01-11 20:52:21.411 [info] Using git "2.34.1" from "git"
2024-01-11 20:52:21.411 [info] > git rev-parse --show-toplevel [16ms]
2024-01-11 20:52:21.411 [info] > git rev-parse --git-dir --git-common-dir [6ms]
2024-01-11 20:52:21.411 [info] Open repository: /home/limagalo
2024-01-11 20:52:21.411 [info] > git config --get commit.template [77ms]
2024-01-11 20:52:21.422 [info] No remotes found in the git config file.
2024-01-11 20:52:21.425 [info] > git for-each-ref --format=%(refname)%00%(upstream:short)%00%(objectname)%00%(upstream:track)%00%(upstream:remotename)%00%(upstream:remoteref) refs/heads/master refs/remotes/master [3ms]
2024-01-11 20:52:21.487 [info] > git status -z -uall [53ms]
2024-01-11 20:52:22.343 [info] > git check-ignore -v -z --stdin [7ms]
2024-01-11 20:52:22.345 [info] > git config --get commit.template [54ms]
2024-01-11 20:52:22.370 [info] No remotes found in the git config file.
2024-01-11 20:52:22.371 [info] > git for-each-ref --format=%(refname)%00%(upstream:short)%00%(objectname)%00%(upstream:track)%00%(upstream:remotename)%00%(upstream:remoteref) refs/heads/master refs/remotes/master [1ms]
2024-01-11 20:52:22.408 [info] > git status -z -uall [30ms]
2024-01-11 20:52:22.505 [info] > git show --textconv :web1.html [10ms]
2024-01-11 20:52:22.506 [info] > git ls-files --stage -- /home/limagalo/web1.html [4ms]
2024-01-11 20:52:24.125 [info] > git config --get commit.template [3ms]
2024-01-11 20:52:24.135 [info] No remotes found in the git config file.
2024-01-11 20:52:24.136 [info] > git for-each-ref --format=%(refname)%00%(upstream:short)%00%(objectname)%00%(upstream:track)%00%(upstream:remotename)%00%(upstream:remoteref) refs/heads/master refs/remotes/master [2ms]
2024-01-11 20:52:24.172 [info] > git status -z -uall [28ms]
2024-01-11 20:52:29.278 [info] > git config --get commit.template [1ms]
2024-01-11 20:52:29.290 [info] No remotes found in the git config file.
2024-01-11 20:52:29.291 [info] > git for-each-ref --format=%(refname)%00%(upstream:short)%00%(objectname)%00%(upstream:track)%00%(upstream:remotename)%00%(upstream:remoteref) refs/heads/master refs/remotes/master [2ms]
2024-01-11 20:52:29.337 [info] > git status -z -uall [35ms]
2024-01-11 20:52:34.460 [info] > git config --get commit.template [3ms]
2024-01-11 20:52:34.472 [info] No remotes found in the git config file.
2024-01-11 20:52:34.473 [info] > git for-each-ref --format=%(refname)%00%(upstream:short)%00%(objectname)%00%(upstream:track)%00%(upstream:remotename)%00%(upstream:remoteref) refs/heads/master refs/remotes/master [2ms]
2024-01-11 20:52:34.515 [info] > git status -z -uall [30ms]
2024-01-11 20:52:39.632 [info] > git config --get commit.template [2ms]
2024-01-11 20:52:39.645 [info] No remotes found in the git config file.
2024-01-11 20:52:39.646 [info] > git for-each-ref --format=%(refname)%00%(upstream:short)%00%(objectname)%00%(upstream:track)%00%(upstream:remotename)%00%(upstream:remoteref) refs/heads/master refs/remotes/master [2ms]
2024-01-11 20:52:39.691 [info] > git status -z -uall [34ms]
2024-01-11 20:52:44.840 [info] No remotes found in the git config file.
2024-01-11 20:52:44.841 [info] > git config --get commit.template [15ms]
2024-01-11 20:52:44.846 [info] > git for-each-ref --format=%(refname)%00%(upstream:short)%00%(objectname)%00%(upstream:track)%00%(upstream:remotename)%00%(upstream:remoteref) refs/heads/master refs/remotes/master [7ms]
2024-01-11 20:52:44.905 [info] > git status -z -uall [41ms]
2024-01-11 20:52:50.037 [info] No remotes found in the git config file.
2024-01-11 20:52:50.039 [info] > git config --get commit.template [17ms]
2024-01-11 20:52:50.043 [info] > git for-each-ref --format=%(refname)%00%(upstream:short)%00%(objectname)%00%(upstream:track)%00%(upstream:remotename)%00%(upstream:remoteref) refs/heads/master refs/remotes/master [6ms]
2024-01-11 20:52:50.088 [info] > git status -z -uall [30ms]
2024-01-11 20:52:51.150 [info] > git show --textconv :web1.html [12ms]
2024-01-11 20:52:51.152 [info] > git ls-files --stage -- /home/limagalo/web1.html [2ms]
2024-01-11 20:52:55.196 [info] > git config --get commit.template [1ms]
2024-01-11 20:52:55.215 [info] No remotes found in the git config file.
2024-01-11 20:52:55.216 [info] > git for-each-ref --format=%(refname)%00%(upstream:short)%00%(objectname)%00%(upstream:track)%00%(upstream:remotename)%00%(upstream:remoteref) refs/heads/master refs/remotes/master [3ms]
2024-01-11 20:52:55.270 [info] > git status -z -uall [38ms]
2024-01-11 20:53:12.953 [info] > git config --get commit.template [1ms]
2024-01-11 20:53:12.964 [info] No remotes found in the git config file.
2024-01-11 20:53:12.965 [info] > git for-each-ref --format=%(refname)%00%(upstream:short)%00%(objectname)%00%(upstream:track)%00%(upstream:remotename)%00%(upstream:remoteref) refs/heads/master refs/remotes/master [1ms]
2024-01-11 20:53:13.000 [info] > git status -z -uall [23ms]
2024-01-11 20:53:18.093 [info] > git config --get commit.template [2ms]
2024-01-11 20:53:18.114 [info] No remotes found in the git config file.
2024-01-11 20:53:18.115 [info] > git for-each-ref --format=%(refname)%00%(upstream:short)%00%(objectname)%00%(upstream:track)%00%(upstream:remotename)%00%(upstream:remoteref) refs/heads/master refs/remotes/master [2ms]
2024-01-11 20:53:18.171 [info] > git status -z -uall [36ms]
2024-01-11 20:53:23.308 [info] No remotes found in the git config file.
2024-01-11 20:53:23.310 [info] > git config --get commit.template [15ms]
2024-01-11 20:53:23.315 [info] > git for-each-ref --format=%(refname)%00%(upstream:short)%00%(objectname)%00%(upstream:track)%00%(upstream:remotename)%00%(upstream:remoteref) refs/heads/master refs/remotes/master [7ms]
2024-01-11 20:53:23.368 [info] > git status -z -uall [41ms]
2024-01-11 20:53:28.489 [info] > git config --get commit.template [2ms]
2024-01-11 20:53:28.490 [info] No remotes found in the git config file.
2024-01-11 20:53:28.509 [info] > git for-each-ref --format=%(refname)%00%(upstream:short)%00%(objectname)%00%(upstream:track)%00%(upstream:remotename)%00%(upstream:remoteref) refs/heads/master refs/remotes/master [2ms]
2024-01-11 20:53:28.552 [info] > git status -z -uall [31ms]
2024-01-11 20:53:33.676 [info] No remotes found in the git config file.
2024-01-11 20:53:33.678 [info] > git config --get commit.template [15ms]
2024-01-11 20:53:33.680 [info] > git for-each-ref --format=%(refname)%00%(upstream:short)%00%(objectname)%00%(upstream:track)%00%(upstream:remotename)%00%(upstream:remoteref) refs/heads/master refs/remotes/master [4ms]
2024-01-11 20:53:33.734 [info] > git status -z -uall [38ms]
2024-01-11 20:53:38.846 [info] No remotes found in the git config file.
2024-01-11 20:53:38.847 [info] > git config --get commit.template [1ms]
2024-01-11 20:53:38.866 [info] > git for-each-ref --format=%(refname)%00%(upstream:short)%00%(objectname)%00%(upstream:track)%00%(upstream:remotename)%00%(upstream:remoteref) refs/heads/master refs/remotes/master [1ms]
2024-01-11 20:53:38.914 [info] > git status -z -uall [34ms]
